<?xml version="1.0" encoding="UTF-8"?>
<coverage generated="1773834031106" clover="3.2.0">
  <project timestamp="1773834031106" name="All files">
    <metrics statements="23" coveredstatements="23" conditionals="10" coveredconditionals="9" methods="10" coveredmethods="10" elements="43" coveredelements="42" complexity="0" loc="23" ncloc="23" packages="3" files="3" classes="3"/>
    <package name="src">
      <metrics statements="4" coveredstatements="4" conditionals="2" coveredconditionals="2" methods="2" coveredmethods="2"/>
      <file name="index.ts" path="/home/usuario/practica7/src/index.ts">
        <metrics statements="4" coveredstatements="4" conditionals="2" coveredconditionals="2" methods="2" coveredmethods="2"/>
        <line num="14" count="3" type="stmt"/>
        <line num="15" count="3" type="cond" truecount="2" falsecount="0"/>
        <line num="16" count="2" type="stmt"/>
        <line num="18" count="3" type="stmt"/>
      </file>
    </package>
    <package name="src.ejercicio-PE.clases">
      <metrics statements="19" coveredstatements="19" conditionals="8" coveredconditionals="7" methods="8" coveredmethods="8"/>
      <file name="AppConfig.ts" path="/home/usuario/practica7/src/ejercicio-PE/clases/AppConfig.ts">
        <metrics statements="19" coveredstatements="19" conditionals="8" coveredconditionals="7" methods="8" coveredmethods="8"/>
        <line num="14" count="1" type="stmt"/>
        <line num="22" count="8" type="cond" truecount="2" falsecount="0"/>
        <line num="23" count="8" type="stmt"/>
        <line num="32" count="10" type="stmt"/>
        <line num="41" count="2" type="stmt"/>
        <line num="49" count="4" type="stmt"/>
        <line num="50" count="4" type="stmt"/>
        <line num="51" count="7" type="stmt"/>
        <line num="53" count="4" type="stmt"/>
        <line num="60" count="6" type="cond" truecount="2" falsecount="0"/>
        <line num="61" count="1" type="stmt"/>
        <line num="69" count="2" type="cond" truecount="2" falsecount="0"/>
        <line num="70" count="1" type="stmt"/>
        <line num="71" count="1" type="stmt"/>
        <line num="72" count="1" type="stmt"/>
        <line num="74" count="1" type="cond" truecount="1" falsecount="1"/>
        <line num="75" count="1" type="stmt"/>
        <line num="76" count="1" type="stmt"/>
        <line num="77" count="1" type="stmt"/>
      </file>
    </package>
    <package name="src.ejercicio-PE.interfaces">
      <metrics statements="0" coveredstatements="0" conditionals="0" coveredconditionals="0" methods="0" coveredmethods="0"/>
      <file name="IAppConfig.ts" path="/home/usuario/practica7/src/ejercicio-PE/interfaces/IAppConfig.ts">
        <metrics statements="0" coveredstatements="0" conditionals="0" coveredconditionals="0" methods="0" coveredmethods="0"/>
      </file>
    </package>
  </project>
</coverage>
