{"/home/usuario/practica7/src/index.ts": {"path":"/home/usuario/practica7/src/index.ts","statementMap":{"0":{"start":{"line":14,"column":15},"end":{"line":14,"column":null}},"1":{"start":{"line":15,"column":2},"end":{"line":16,"column":null}},"2":{"start":{"line":16,"column":4},"end":{"line":16,"column":null}},"3":{"start":{"line":16,"column":57},"end":{"line":16,"column":72}},"4":{"start":{"line":18,"column":2},"end":{"line":18,"column":null}}},"fnMap":{"0":{"name":"add","decl":{"start":{"line":13,"column":16},"end":{"line":13,"column":20}},"loc":{"start":{"line":13,"column":94},"end":{"line":18,"column":null}},"line":13},"1":{"name":"(anonymous_1)","decl":{"start":{"line":16,"column":31},"end":{"line":16,"column":39}},"loc":{"start":{"line":16,"column":57},"end":{"line":16,"column":72}},"line":16}},"branchMap":{"0":{"loc":{"start":{"line":15,"column":2},"end":{"line":16,"column":null}},"type":"if","locations":[{"start":{"line":15,"column":2},"end":{"line":16,"column":null}},{"start":{},"end":{}}],"line":15}},"s":{"0":3,"1":3,"2":1,"3":2,"4":3},"f":{"0":3,"1":2},"b":{"0":[1,2]},"meta":{"lastBranch":1,"lastFunction":2,"lastStatement":5,"seen":{"f:13:16:13:20":0,"s:14:15:14:Infinity":0,"b:15:2:16:Infinity:undefined:undefined:undefined:undefined":0,"s:15:2:16:Infinity":1,"s:16:4:16:Infinity":2,"f:16:31:16:39":1,"s:16:57:16:72":3,"s:18:2:18:Infinity":4}}}
,"/home/usuario/practica7/src/ejercicio-PE/clases/AppConfig.ts": {"path":"/home/usuario/practica7/src/ejercicio-PE/clases/AppConfig.ts","statementMap":{"0":{"start":{"line":14,"column":8},"end":{"line":14,"column":null}},"1":{"start":{"line":22,"column":8},"end":{"line":22,"column":null}},"2":{"start":{"line":22,"column":33},"end":{"line":22,"column":null}},"3":{"start":{"line":23,"column":8},"end":{"line":23,"column":null}},"4":{"start":{"line":32,"column":8},"end":{"line":32,"column":null}},"5":{"start":{"line":41,"column":8},"end":{"line":41,"column":null}},"6":{"start":{"line":49,"column":42},"end":{"line":49,"column":51}},"7":{"start":{"line":50,"column":8},"end":{"line":52,"column":null}},"8":{"start":{"line":51,"column":12},"end":{"line":51,"column":null}},"9":{"start":{"line":53,"column":8},"end":{"line":53,"column":null}},"10":{"start":{"line":60,"column":8},"end":{"line":61,"column":null}},"11":{"start":{"line":60,"column":46},"end":{"line":60,"column":null}},"12":{"start":{"line":61,"column":13},"end":{"line":61,"column":null}},"13":{"start":{"line":69,"column":8},"end":{"line":77,"column":null}},"14":{"start":{"line":70,"column":12},"end":{"line":70,"column":null}},"15":{"start":{"line":71,"column":12},"end":{"line":71,"column":null}},"16":{"start":{"line":72,"column":12},"end":{"line":72,"column":null}},"17":{"start":{"line":74,"column":17},"end":{"line":77,"column":null}},"18":{"start":{"line":75,"column":12},"end":{"line":75,"column":null}},"19":{"start":{"line":76,"column":12},"end":{"line":76,"column":null}},"20":{"start":{"line":77,"column":12},"end":{"line":77,"column":null}}},"fnMap":{"0":{"name":"(anonymous_0)","decl":{"start":{"line":13,"column":4},"end":{"line":13,"column":12}},"loc":{"start":{"line":13,"column":27},"end":{"line":14,"column":null}},"line":13},"1":{"name":"(anonymous_1)","decl":{"start":{"line":21,"column":18},"end":{"line":21,"column":43}},"loc":{"start":{"line":21,"column":43},"end":{"line":23,"column":null}},"line":21},"2":{"name":"(anonymous_2)","decl":{"start":{"line":31,"column":4},"end":{"line":31,"column":11}},"loc":{"start":{"line":31,"column":49},"end":{"line":32,"column":null}},"line":31},"3":{"name":"(anonymous_3)","decl":{"start":{"line":40,"column":4},"end":{"line":40,"column":11}},"loc":{"start":{"line":40,"column":48},"end":{"line":41,"column":null}},"line":40},"4":{"name":"(anonymous_4)","decl":{"start":{"line":48,"column":4},"end":{"line":48,"column":11}},"loc":{"start":{"line":48,"column":41},"end":{"line":53,"column":null}},"line":48},"5":{"name":"(anonymous_5)","decl":{"start":{"line":50,"column":20},"end":{"line":50,"column":29}},"loc":{"start":{"line":50,"column":44},"end":{"line":52,"column":null}},"line":50},"6":{"name":"(anonymous_6)","decl":{"start":{"line":59,"column":4},"end":{"line":59,"column":11}},"loc":{"start":{"line":59,"column":25},"end":{"line":61,"column":null}},"line":59},"7":{"name":"(anonymous_7)","decl":{"start":{"line":68,"column":4},"end":{"line":68,"column":11}},"loc":{"start":{"line":68,"column":68},"end":{"line":77,"column":null}},"line":68}},"branchMap":{"0":{"loc":{"start":{"line":22,"column":8},"end":{"line":22,"column":null}},"type":"if","locations":[{"start":{"line":22,"column":8},"end":{"line":22,"column":null}},{"start":{},"end":{}}],"line":22},"1":{"loc":{"start":{"line":60,"column":8},"end":{"line":61,"column":null}},"type":"if","locations":[{"start":{"line":60,"column":8},"end":{"line":61,"column":null}},{"start":{"line":61,"column":13},"end":{"line":61,"column":null}}],"line":60},"2":{"loc":{"start":{"line":69,"column":8},"end":{"line":77,"column":null}},"type":"if","locations":[{"start":{"line":69,"column":8},"end":{"line":77,"column":null}},{"start":{"line":74,"column":17},"end":{"line":77,"column":null}}],"line":69},"3":{"loc":{"start":{"line":74,"column":17},"end":{"line":77,"column":null}},"type":"if","locations":[{"start":{"line":74,"column":17},"end":{"line":77,"column":null}},{"start":{},"end":{}}],"line":74}},"s":{"0":1,"1":8,"2":1,"3":8,"4":10,"5":2,"6":4,"7":4,"8":7,"9":4,"10":6,"11":5,"12":1,"13":2,"14":1,"15":1,"16":1,"17":1,"18":1,"19":1,"20":1},"f":{"0":1,"1":1,"2":10,"3":2,"4":4,"5":7,"6":6,"7":2},"b":{"0":[1,7],"1":[5,1],"2":[1,1],"3":[1,0]},"meta":{"lastBranch":4,"lastFunction":8,"lastStatement":21,"seen":{"f:13:4:13:12":0,"s:14:8:14:Infinity":0,"f:21:18:21:43":1,"b:22:8:22:Infinity:undefined:undefined:undefined:undefined":0,"s:22:8:22:Infinity":1,"s:22:33:22:Infinity":2,"s:23:8:23:Infinity":3,"f:31:4:31:11":2,"s:32:8:32:Infinity":4,"f:40:4:40:11":3,"s:41:8:41:Infinity":5,"f:48:4:48:11":4,"s:49:42:49:51":6,"s:50:8:52:Infinity":7,"f:50:20:50:29":5,"s:51:12:51:Infinity":8,"s:53:8:53:Infinity":9,"f:59:4:59:11":6,"b:60:8:61:Infinity:61:13:61:Infinity":1,"s:60:8:61:Infinity":10,"s:60:46:60:Infinity":11,"s:61:13:61:Infinity":12,"f:68:4:68:11":7,"b:69:8:77:Infinity:74:17:77:Infinity":2,"s:69:8:77:Infinity":13,"s:70:12:70:Infinity":14,"s:71:12:71:Infinity":15,"s:72:12:72:Infinity":16,"b:74:17:77:Infinity:undefined:undefined:undefined:undefined":3,"s:74:17:77:Infinity":17,"s:75:12:75:Infinity":18,"s:76:12:76:Infinity":19,"s:77:12:77:Infinity":20}}}
,"/home/usuario/practica7/src/ejercicio-PE/interfaces/IAppConfig.ts": {"path":"/home/usuario/practica7/src/ejercicio-PE/interfaces/IAppConfig.ts","statementMap":{},"fnMap":{},"branchMap":{},"s":{},"f":{},"b":{},"meta":{"lastBranch":0,"lastFunction":0,"lastStatement":0,"seen":{}}}
}
